# JRE version: OpenJDK Runtime Environment (8.0_76-b03) (build 1.8.0_76-release-b03)
# Java VM: OpenJDK 64-Bit Server VM (25.76-b03 mixed mode windows-amd64 compressed oops)
Heap:
 PSYoungGen      total 349696K, used 92177K [0x00000000e0000000, 0x0000000100000000, 0x0000000100000000)
  eden space 175104K, 35% used [0x00000000e0000000,0x00000000e3c60ac8,0x00000000eab00000)
  from space 174592K, 17% used [0x00000000f5580000,0x00000000f7323948,0x0000000100000000)
  to   space 174592K, 0% used [0x00000000eab00000,0x00000000eab00000,0x00000000f5580000)
 ParOldGen       total 518144K, used 427818K [0x00000000a0000000, 0x00000000bfa00000, 0x00000000e0000000)
  object space 518144K, 82% used [0x00000000a0000000,0x00000000ba1caae0,0x00000000bfa00000)
 Metaspace       used 62598K, capacity 64686K, committed 64816K, reserved 1105920K
  class space    used 7832K, capacity 8185K, committed 8240K, reserved 1048576K
GC Heap History (10 events):
Event: 2470.399 GC heap before
{Heap before GC invocations=52 (full 12):
 PSYoungGen      total 265216K, used 90084K [0x00000000e0000000, 0x0000000100000000, 0x0000000100000000)
  eden space 175104K, 0% used [0x00000000e0000000,0x00000000e0000000,0x00000000eab00000)
  from space 90112K, 99% used [0x00000000fa800000,0x00000000ffff91d0,0x0000000100000000)
  to   space 174592K, 0% used [0x00000000eab00000,0x00000000eab00000,0x00000000f5580000)
 ParOldGen       total 350720K, used 350660K [0x00000000a0000000, 0x00000000b5680000, 0x00000000e0000000)
  object space 350720K, 99% used [0x00000000a0000000,0x00000000b56711c0,0x00000000b5680000)
 Metaspace       used 62597K, capacity 64686K, committed 64816K, reserved 1105920K
  class space    used 7832K, capacity 8185K, committed 8240K, reserved 1048576K
Event: 2471.507 GC heap after
Heap after GC invocations=52 (full 12):
 PSYoungGen      total 265216K, used 0K [0x00000000e0000000, 0x0000000100000000, 0x0000000100000000)
  eden space 175104K, 0% used [0x00000000e0000000,0x00000000e0000000,0x00000000eab00000)
  from space 90112K, 0% used [0x00000000fa800000,0x00000000fa800000,0x0000000100000000)
  to   space 174592K, 0% used [0x00000000eab00000,0x00000000eab00000,0x00000000f5580000)
 ParOldGen       total 518144K, used 348343K [0x00000000a0000000, 0x00000000bfa00000, 0x00000000e0000000)
  object space 518144K, 67% used [0x00000000a0000000,0x00000000b542df48,0x00000000bfa00000)
 Metaspace       used 62597K, capacity 64686K, committed 64816K, reserved 1105920K
  class space    used 7832K, capacity 8185K, committed 8240K, reserved 1048576K
}
Event: 2472.436 GC heap before
{Heap before GC invocations=53 (full 12):
 PSYoungGen      total 265216K, used 175104K [0x00000000e0000000, 0x0000000100000000, 0x0000000100000000)
  eden space 175104K, 100% used [0x00000000e0000000,0x00000000eab00000,0x00000000eab00000)
  from space 90112K, 0% used [0x00000000fa800000,0x00000000fa800000,0x0000000100000000)
  to   space 174592K, 0% used [0x00000000eab00000,0x00000000eab00000,0x00000000f5580000)
 ParOldGen       total 518144K, used 348343K [0x00000000a0000000, 0x00000000bfa00000, 0x00000000e0000000)
  object space 518144K, 67% used [0x00000000a0000000,0x00000000b542df48,0x00000000bfa00000)
 Metaspace       used 62598K, capacity 64686K, committed 64816K, reserved 1105920K
  class space    used 7832K, capacity 8185K, committed 8240K, reserved 1048576K
Event: 2472.693 GC heap after
Heap after GC invocations=53 (full 12):
 PSYoungGen      total 349696K, used 38605K [0x00000000e0000000, 0x0000000100000000, 0x0000000100000000)
  eden space 175104K, 0% used [0x00000000e0000000,0x00000000e0000000,0x00000000eab00000)
  from space 174592K, 22% used [0x00000000eab00000,0x00000000ed0b3690,0x00000000f5580000)
  to   space 174592K, 0% used [0x00000000f5580000,0x00000000f5580000,0x0000000100000000)
 ParOldGen       total 518144K, used 348343K [0x00000000a0000000, 0x00000000bfa00000, 0x00000000e0000000)
  object space 518144K, 67% used [0x00000000a0000000,0x00000000b542df48,0x00000000bfa00000)
 Metaspace       used 62598K, capacity 64686K, committed 64816K, reserved 1105920K
  class space    used 7832K, capacity 8185K, committed 8240K, reserved 1048576K
}
Event: 2474.532 GC heap before
{Heap before GC invocations=54 (full 12):
 PSYoungGen      total 349696K, used 213709K [0x00000000e0000000, 0x0000000100000000, 0x0000000100000000)
  eden space 175104K, 100% used [0x00000000e0000000,0x00000000eab00000,0x00000000eab00000)
  from space 174592K, 22% used [0x00000000eab00000,0x00000000ed0b3690,0x00000000f5580000)
  to   space 174592K, 0% used [0x00000000f5580000,0x00000000f5580000,0x0000000100000000)
 ParOldGen       total 518144K, used 348343K [0x00000000a0000000, 0x00000000bfa00000, 0x00000000e0000000)
  object space 518144K, 67% used [0x00000000a0000000,0x00000000b542df48,0x00000000bfa00000)
 Metaspace       used 62598K, capacity 64686K, committed 64816K, reserved 1105920K
  class space    used 7832K, capacity 8185K, committed 8240K, reserved 1048576K
Event: 2474.761 GC heap after
Heap after GC invocations=54 (full 12):
 PSYoungGen      total 342528K, used 43462K [0x00000000e0000000, 0x00000000ff900000, 0x0000000100000000)
  eden space 175104K, 0% used [0x00000000e0000000,0x00000000e0000000,0x00000000eab00000)
  from space 167424K, 25% used [0x00000000f5580000,0x00000000f7ff1980,0x00000000ff900000)
  to   space 171008K, 0% used [0x00000000eab00000,0x00000000eab00000,0x00000000f5200000)
 ParOldGen       total 518144K, used 384073K [0x00000000a0000000, 0x00000000bfa00000, 0x00000000e0000000)
  object space 518144K, 74% used [0x00000000a0000000,0x00000000b77125d8,0x00000000bfa00000)
 Metaspace       used 62598K, capacity 64686K, committed 64816K, reserved 1105920K
  class space    used 7832K, capacity 8185K, committed 8240K, reserved 1048576K
}
Event: 2475.333 GC heap before
{Heap before GC invocations=55 (full 12):
 PSYoungGen      total 342528K, used 218566K [0x00000000e0000000, 0x00000000ff900000, 0x0000000100000000)
  eden space 175104K, 100% used [0x00000000e0000000,0x00000000eab00000,0x00000000eab00000)
  from space 167424K, 25% used [0x00000000f5580000,0x00000000f7ff1980,0x00000000ff900000)
  to   space 171008K, 0% used [0x00000000eab00000,0x00000000eab00000,0x00000000f5200000)
 ParOldGen       total 518144K, used 384073K [0x00000000a0000000, 0x00000000bfa00000, 0x00000000e0000000)
  object space 518144K, 74% used [0x00000000a0000000,0x00000000b77125d8,0x00000000bfa00000)
 Metaspace       used 62598K, capacity 64686K, committed 64816K, reserved 1105920K
  class space    used 7832K, capacity 8185K, committed 8240K, reserved 1048576K
Event: 2475.584 GC heap after
Heap after GC invocations=55 (full 12):
 PSYoungGen      total 346112K, used 124045K [0x00000000e0000000, 0x0000000100000000, 0x0000000100000000)
  eden space 175104K, 0% used [0x00000000e0000000,0x00000000e0000000,0x00000000eab00000)
  from space 171008K, 72% used [0x00000000eab00000,0x00000000f24237d8,0x00000000f5200000)
  to   space 174592K, 0% used [0x00000000f5580000,0x00000000f5580000,0x0000000100000000)
 ParOldGen       total 518144K, used 384073K [0x00000000a0000000, 0x00000000bfa00000, 0x00000000e0000000)
  object space 518144K, 74% used [0x00000000a0000000,0x00000000b77125d8,0x00000000bfa00000)
 Metaspace       used 62598K, capacity 64686K, committed 64816K, reserved 1105920K
  class space    used 7832K, capacity 8185K, committed 8240K, reserved 1048576K
}
Event: 2477.543 GC heap before
{Heap before GC invocations=56 (full 12):
 PSYoungGen      total 346112K, used 299149K [0x00000000e0000000, 0x0000000100000000, 0x0000000100000000)
  eden space 175104K, 100% used [0x00000000e0000000,0x00000000eab00000,0x00000000eab00000)
  from space 171008K, 72% used [0x00000000eab00000,0x00000000f24237d8,0x00000000f5200000)
  to   space 174592K, 0% used [0x00000000f5580000,0x00000000f5580000,0x0000000100000000)
 ParOldGen       total 518144K, used 384073K [0x00000000a0000000, 0x00000000bfa00000, 0x00000000e0000000)
  object space 518144K, 74% used [0x00000000a0000000,0x00000000b77125d8,0x00000000bfa00000)
 Metaspace       used 62598K, capacity 64686K, committed 64816K, reserved 1105920K
  class space    used 7832K, capacity 8185K, committed 8240K, reserved 1048576K
Event: 2477.789 GC heap after
Heap after GC invocations=56 (full 12):
 PSYoungGen      total 349696K, used 30350K [0x00000000e0000000, 0x0000000100000000, 0x0000000100000000)
  eden space 175104K, 0% used [0x00000000e0000000,0x00000000e0000000,0x00000000eab00000)
  from space 174592K, 17% used [0x00000000f5580000,0x00000000f7323948,0x0000000100000000)
  to   space 174592K, 0% used [0x00000000eab00000,0x00000000eab00000,0x00000000f5580000)
 ParOldGen       total 518144K, used 427818K [0x00000000a0000000, 0x00000000bfa00000, 0x00000000e0000000)
  object space 518144K, 82% used [0x00000000a0000000,0x00000000ba1caae0,0x00000000bfa00000)
 Metaspace       used 62598K, capacity 64686K, committed 64816K, reserved 1105920K
  class space    used 7832K, capacity 8185K, committed 8240K, reserved 1048576K
}

