# JRE version: OpenJDK Runtime Environment (8.0_76-b03) (build 1.8.0_76-release-b03)
# Java VM: OpenJDK 64-Bit Server VM (25.76-b03 mixed mode windows-amd64 compressed oops)
Heap:
 PSYoungGen      total 297472K, used 134492K [0x00000000e0000000, 0x00000000f6180000, 0x0000000100000000)
  eden space 273920K, 46% used [0x00000000e0000000,0x00000000e7d232a0,0x00000000f0b80000)
  from space 23552K, 26% used [0x00000000f2200000,0x00000000f2834010,0x00000000f3900000)
  to   space 23040K, 0% used [0x00000000f0b80000,0x00000000f0b80000,0x00000000f2200000)
 ParOldGen       total 67072K, used 54077K [0x00000000a0000000, 0x00000000a4180000, 0x00000000e0000000)
  object space 67072K, 80% used [0x00000000a0000000,0x00000000a34cf6f0,0x00000000a4180000)
 Metaspace       used 61100K, capacity 63648K, committed 63872K, reserved 1103872K
  class space    used 8161K, capacity 8707K, committed 8832K, reserved 1048576K
GC Heap History (10 events):
Event: 292.838 GC heap before
{Heap before GC invocations=18 (full 3):
 PSYoungGen      total 253440K, used 244692K [0x00000000e0000000, 0x00000000f1580000, 0x0000000100000000)
  eden space 229888K, 100% used [0x00000000e0000000,0x00000000ee080000,0x00000000ee080000)
  from space 23552K, 62% used [0x00000000ef800000,0x00000000f0675210,0x00000000f0f00000)
  to   space 24064K, 0% used [0x00000000ee080000,0x00000000ee080000,0x00000000ef800000)
 ParOldGen       total 67072K, used 45120K [0x00000000a0000000, 0x00000000a4180000, 0x00000000e0000000)
  object space 67072K, 67% used [0x00000000a0000000,0x00000000a2c10348,0x00000000a4180000)
 Metaspace       used 55895K, capacity 58090K, committed 58240K, reserved 1099776K
  class space    used 7518K, capacity 7998K, committed 8064K, reserved 1048576K
Event: 292.886 GC heap after
Heap after GC invocations=18 (full 3):
 PSYoungGen      total 253952K, used 11149K [0x00000000e0000000, 0x00000000f3f80000, 0x0000000100000000)
  eden space 229888K, 0% used [0x00000000e0000000,0x00000000e0000000,0x00000000ee080000)
  from space 24064K, 46% used [0x00000000ee080000,0x00000000eeb63770,0x00000000ef800000)
  to   space 23040K, 0% used [0x00000000f2900000,0x00000000f2900000,0x00000000f3f80000)
 ParOldGen       total 67072K, used 45128K [0x00000000a0000000, 0x00000000a4180000, 0x00000000e0000000)
  object space 67072K, 67% used [0x00000000a0000000,0x00000000a2c12348,0x00000000a4180000)
 Metaspace       used 55895K, capacity 58090K, committed 58240K, reserved 1099776K
  class space    used 7518K, capacity 7998K, committed 8064K, reserved 1048576K
}
Event: 316.035 GC heap before
{Heap before GC invocations=19 (full 3):
 PSYoungGen      total 253952K, used 241037K [0x00000000e0000000, 0x00000000f3f80000, 0x0000000100000000)
  eden space 229888K, 100% used [0x00000000e0000000,0x00000000ee080000,0x00000000ee080000)
  from space 24064K, 46% used [0x00000000ee080000,0x00000000eeb63770,0x00000000ef800000)
  to   space 23040K, 0% used [0x00000000f2900000,0x00000000f2900000,0x00000000f3f80000)
 ParOldGen       total 67072K, used 45128K [0x00000000a0000000, 0x00000000a4180000, 0x00000000e0000000)
  object space 67072K, 67% used [0x00000000a0000000,0x00000000a2c12348,0x00000000a4180000)
 Metaspace       used 56094K, capacity 58266K, committed 58496K, reserved 1099776K
  class space    used 7521K, capacity 8004K, committed 8064K, reserved 1048576K
Event: 316.085 GC heap after
Heap after GC invocations=19 (full 3):
 PSYoungGen      total 290816K, used 15916K [0x00000000e0000000, 0x00000000f3a00000, 0x0000000100000000)
  eden space 273408K, 0% used [0x00000000e0000000,0x00000000e0000000,0x00000000f0b00000)
  from space 17408K, 91% used [0x00000000f2900000,0x00000000f388b030,0x00000000f3a00000)
  to   space 24064K, 0% used [0x00000000f0b00000,0x00000000f0b00000,0x00000000f2280000)
 ParOldGen       total 67072K, used 45136K [0x00000000a0000000, 0x00000000a4180000, 0x00000000e0000000)
  object space 67072K, 67% used [0x00000000a0000000,0x00000000a2c14348,0x00000000a4180000)
 Metaspace       used 56094K, capacity 58266K, committed 58496K, reserved 1099776K
  class space    used 7521K, capacity 8004K, committed 8064K, reserved 1048576K
}
Event: 328.894 GC heap before
{Heap before GC invocations=20 (full 3):
 PSYoungGen      total 290816K, used 86126K [0x00000000e0000000, 0x00000000f3a00000, 0x0000000100000000)
  eden space 273408K, 25% used [0x00000000e0000000,0x00000000e4490ba8,0x00000000f0b00000)
  from space 17408K, 91% used [0x00000000f2900000,0x00000000f388b030,0x00000000f3a00000)
  to   space 24064K, 0% used [0x00000000f0b00000,0x00000000f0b00000,0x00000000f2280000)
 ParOldGen       total 67072K, used 45136K [0x00000000a0000000, 0x00000000a4180000, 0x00000000e0000000)
  object space 67072K, 67% used [0x00000000a0000000,0x00000000a2c14348,0x00000000a4180000)
 Metaspace       used 60573K, capacity 62942K, committed 63232K, reserved 1103872K
  class space    used 8100K, capacity 8660K, committed 8704K, reserved 1048576K
Event: 328.922 GC heap after
Heap after GC invocations=20 (full 3):
 PSYoungGen      total 286720K, used 13041K [0x00000000e0000000, 0x00000000f3900000, 0x0000000100000000)
  eden space 273408K, 0% used [0x00000000e0000000,0x00000000e0000000,0x00000000f0b00000)
  from space 13312K, 97% used [0x00000000f0b00000,0x00000000f17bc468,0x00000000f1800000)
  to   space 23552K, 0% used [0x00000000f2200000,0x00000000f2200000,0x00000000f3900000)
 ParOldGen       total 67072K, used 45144K [0x00000000a0000000, 0x00000000a4180000, 0x00000000e0000000)
  object space 67072K, 67% used [0x00000000a0000000,0x00000000a2c16348,0x00000000a4180000)
 Metaspace       used 60573K, capacity 62942K, committed 63232K, reserved 1103872K
  class space    used 8100K, capacity 8660K, committed 8704K, reserved 1048576K
}
Event: 328.922 GC heap before
{Heap before GC invocations=21 (full 4):
 PSYoungGen      total 286720K, used 13041K [0x00000000e0000000, 0x00000000f3900000, 0x0000000100000000)
  eden space 273408K, 0% used [0x00000000e0000000,0x00000000e0000000,0x00000000f0b00000)
  from space 13312K, 97% used [0x00000000f0b00000,0x00000000f17bc468,0x00000000f1800000)
  to   space 23552K, 0% used [0x00000000f2200000,0x00000000f2200000,0x00000000f3900000)
 ParOldGen       total 67072K, used 45144K [0x00000000a0000000, 0x00000000a4180000, 0x00000000e0000000)
  object space 67072K, 67% used [0x00000000a0000000,0x00000000a2c16348,0x00000000a4180000)
 Metaspace       used 60573K, capacity 62942K, committed 63232K, reserved 1103872K
  class space    used 8100K, capacity 8660K, committed 8704K, reserved 1048576K
Event: 329.484 GC heap after
Heap after GC invocations=21 (full 4):
 PSYoungGen      total 286720K, used 0K [0x00000000e0000000, 0x00000000f3900000, 0x0000000100000000)
  eden space 273408K, 0% used [0x00000000e0000000,0x00000000e0000000,0x00000000f0b00000)
  from space 13312K, 0% used [0x00000000f0b00000,0x00000000f0b00000,0x00000000f1800000)
  to   space 23552K, 0% used [0x00000000f2200000,0x00000000f2200000,0x00000000f3900000)
 ParOldGen       total 67072K, used 54069K [0x00000000a0000000, 0x00000000a4180000, 0x00000000e0000000)
  object space 67072K, 80% used [0x00000000a0000000,0x00000000a34cd6f0,0x00000000a4180000)
 Metaspace       used 60573K, capacity 62942K, committed 63232K, reserved 1103872K
  class space    used 8100K, capacity 8660K, committed 8704K, reserved 1048576K
}
Event: 514.056 GC heap before
{Heap before GC invocations=22 (full 4):
 PSYoungGen      total 286720K, used 273408K [0x00000000e0000000, 0x00000000f3900000, 0x0000000100000000)
  eden space 273408K, 100% used [0x00000000e0000000,0x00000000f0b00000,0x00000000f0b00000)
  from space 13312K, 0% used [0x00000000f0b00000,0x00000000f0b00000,0x00000000f1800000)
  to   space 23552K, 0% used [0x00000000f2200000,0x00000000f2200000,0x00000000f3900000)
 ParOldGen       total 67072K, used 54069K [0x00000000a0000000, 0x00000000a4180000, 0x00000000e0000000)
  object space 67072K, 80% used [0x00000000a0000000,0x00000000a34cd6f0,0x00000000a4180000)
 Metaspace       used 60767K, capacity 63220K, committed 63488K, reserved 1103872K
  class space    used 8120K, capacity 8689K, committed 8704K, reserved 1048576K
Event: 514.088 GC heap after
Heap after GC invocations=22 (full 4):
 PSYoungGen      total 297472K, used 6352K [0x00000000e0000000, 0x00000000f6180000, 0x0000000100000000)
  eden space 273920K, 0% used [0x00000000e0000000,0x00000000e0000000,0x00000000f0b80000)
  from space 23552K, 26% used [0x00000000f2200000,0x00000000f2834010,0x00000000f3900000)
  to   space 23040K, 0% used [0x00000000f0b80000,0x00000000f0b80000,0x00000000f2200000)
 ParOldGen       total 67072K, used 54077K [0x00000000a0000000, 0x00000000a4180000, 0x00000000e0000000)
  object space 67072K, 80% used [0x00000000a0000000,0x00000000a34cf6f0,0x00000000a4180000)
 Metaspace       used 60767K, capacity 63220K, committed 63488K, reserved 1103872K
  class space    used 8120K, capacity 8689K, committed 8704K, reserved 1048576K
}

